SF:lib/src/open_meteo_api_client.dart
DA:25,1
DA:26,1
DA:34,1
DA:35,1
DA:38,1
DA:41,2
DA:43,2
DA:44,1
DA:47,2
DA:49,1
DA:50,1
DA:53,1
DA:55,1
DA:56,1
DA:59,2
DA:63,1
DA:67,1
DA:70,1
DA:71,1
DA:72,1
DA:77,2
DA:79,2
DA:80,1
DA:83,2
DA:85,1
DA:86,1
DA:89,1
DA:91,1
LF:28
LH:28
end_of_record
SF:lib/src/models/location.dart
DA:7,2
DA:14,2
DA:15,2
LF:3
LH:3
end_of_record
SF:lib/src/models/location.g.dart
DA:11,4
DA:14,2
DA:15,2
DA:16,6
DA:17,4
DA:18,6
DA:19,6
LF:7
LH:7
end_of_record
SF:lib/src/models/weather.dart
DA:7,2
DA:9,2
DA:10,2
LF:3
LH:3
end_of_record
SF:lib/src/models/weather.g.dart
DA:11,4
DA:14,2
DA:15,2
DA:17,6
DA:19,6
LF:5
LH:5
end_of_record
